Start testing: Jun 13 18:56 CST
----------------------------------------------------------
1/1 Testing: TestMyMath
1/1 Test: TestMyMath
Command: "/home/ubuntu/my/26/6m/6_13_3/build/main"
Directory: /home/ubuntu/my/26/6m/6_13_3/build
"TestMyMath" start time: Jun 13 18:56 CST
Output:
----------------------------------------------------------
/home/ubuntu/my/26/6m/6_13_3/build/main: error while loading shared libraries: libMyMath.so.20: cannot open shared object file: No such file or directory
<end of output>
Test time =   0.00 sec
----------------------------------------------------------
Test Failed.
"TestMyMath" end time: Jun 13 18:56 CST
"TestMyMath" time elapsed: 00:00:00
----------------------------------------------------------

End testing: Jun 13 18:56 CST
